<?xml version="1.0" encoding="UTF-8"?>
<testsuite name="org.jukebox.services.BandServiceSpec" tests="2" skipped="0" failures="1" errors="0" timestamp="2020-04-08T10:59:42" hostname="MacBook-Pro-de-Isagani.local" time="12.318">
  <properties/>
  <testcase name="test count created object" classname="org.jukebox.services.BandServiceSpec" time="11.969">
    <failure message="Condition not satisfied:&#10;&#10;bandService.count() == 2&#10;|           |       |&#10;|           1       false&#10;org.jukebox.$BandServiceImplementation@1d09b8e0&#10;" type="org.spockframework.runtime.SpockComparisonFailure">Condition not satisfied:

bandService.count() == 2
|           |       |
|           1       false
org.jukebox.$BandServiceImplementation@1d09b8e0

	at org.jukebox.services.BandServiceSpec.$tt__$spock_feature_1_0(BandServiceSpec.groovy:40)
	at org.jukebox.services.BandServiceSpec.test count created object_closure3(BandServiceSpec.groovy)
	at groovy.lang.Closure.call(Closure.java:418)
	at groovy.lang.Closure.call(Closure.java:434)
	at grails.gorm.transactions.GrailsTransactionTemplate$1.doInTransaction(GrailsTransactionTemplate.groovy:68)
	at org.springframework.transaction.support.TransactionTemplate.execute(TransactionTemplate.java:133)
	at grails.gorm.transactions.GrailsTransactionTemplate.executeAndRollback(GrailsTransactionTemplate.groovy:65)
	at org.jukebox.services.BandServiceSpec.test count created object(BandServiceSpec.groovy)
</failure>
  </testcase>
  <testcase name="test if db is not empty" classname="org.jukebox.services.BandServiceSpec" time="0.349"/>
  <system-out><![CDATA[[BASE-INTEGRATION-TEST] - Postgres is not started. Running...
[BASE-INTEGRATION-TEST] - Migrating DataBase...
Grails application running at http://localhost:50207 in environment: development
====> jdbc:postgresql://localhost:32819/dipta?loggerLevel=OFF
====> app
====> pass
====> org.postgresql.Driver
[BASE-INTEGRATION-TEST] - Stopping Postgres...
]]></system-out>
  <system-err><![CDATA[]]></system-err>
</testsuite>
