<?xml version="1.0" encoding="UTF-8"?>
<testsuite name="org.jukebox.BandSpec" tests="1" skipped="0" failures="1" errors="0" timestamp="2020-04-07T21:16:05" hostname="MacBook-Pro-de-Isagani.local" time="0.008">
  <properties/>
  <testcase name="test something" classname="org.jukebox.BandSpec" time="0.008">
    <failure message="Condition not satisfied:&#10;&#10;true == false&#10;     |&#10;     false&#10;" type="org.spockframework.runtime.SpockComparisonFailure">Condition not satisfied:

true == false
     |
     false

	at org.jukebox.BandSpec.test something(BandSpec.groovy:16)
</failure>
  </testcase>
  <system-out><![CDATA[]]></system-out>
  <system-err><![CDATA[]]></system-err>
</testsuite>
